1295
2884
814
920
736
2241
1485
1373
142
1567
2166
1922
2531
1230
335
36
2301
2447
900
1663
2144
1743
2901
549
416
1124
1816
493
806
1732
2398
629
738
2941
2229
193
1957
653
126
1197
990
879
813
2887
2330
2823
2553
1994
2336
2861
1869
1348
1317
2925
1165
2841
902
59
1486
794
124
185
2094
1958
1515
1269
2212
676
283
30
2044
534
1078
818
1963
1257
486
750
2133
2978
2661
2845
704
2456
2037
539
782
2841
856
1191
1609
74
1589
2609
2414
714
857
736
164
2253
1367
883
2957
410
2689
2870
853
1030
1361
2727
585
367
2602
2823
441
2289
2830
41
2941
2713
2612
559
4
273
64
2463
1579
208
2449
1858
1261
2835
254
839
82
1000
2109
2657
618
1159
578
207
1864
1972
961
1375
864
880
471
2670
830
2102
2191
2010
1447
2488
460
278
1197
2071
1074
1895
1129
821
647
1466
2095
1035
2399
1303
2208
1388
2295
1956
2551
2347
1971
177
2156
434
2252
2693
2297
1484
2852
2675
431
934
2142
2515
2601
2210
1741
156
1750
2696
1295
963
2047
2498
1207
2839
1374
2573
1062
1985
1244
2611
2352
2405
2913
593
2151
2929
1101
1352
1053
1195
514
2312
2699
588
643
303
197
2842
760
2195
956
2411
2906
852
867
2710
2088
2964
89
1530
2004
565
1240
403
1657
396
1580
2410
1348
2509
1721
2833
2209
2363
2791
2794
200
1685
2108
99
262
2436
824
1182
260
539
2621
1557
1700
822
861
763
768
757
1500
1532
494
337
178
893
2208
741
529
1492
396
1288
840
1944
970
3012
2401
1736
831
617
182
964
270
1913
1590
1270
2177
2857
2151
851
98
2232
38
2574
1391
1898
2445
2884
2872
138
91
1329
1029
3023
2640
1611
2683
977
1575
2608
2265
1226
974
1141
1112
269
1817
1870
2599
60
1529
123
2173
2690
2754
1550
2074
1661
1581
683
1594
1335
1291
2717
3011
1414
191
82
900
1431
82
993
2707
935
1583
2052
1694
1701
2220
1837
2666
2144
2234
1463
121
1542
1562
2748
2541
733
1761
2336
1752
913
1254
173
2129
2331
245
1837
1774
1916
211
16
563
1254
524
198
2401
849
3024
86
2394
2371
1228
2984
1377
1731
1959
1437
2517
1297
2015
2295
2722
1215
1922
373
36
2329
1115
2547
2780
300
487
780
125
68
837
1373
2752
1858
2698
440
1967
1400
1209
1016
2487
285
553
2177
2372
2783
1048
843
247
2989
2401
1422
336
1785
1095
42
2306
2024
798
552
449
2315
2109
1880
1332
1434
706
1188
1205
966
2722
1435
1707
1641
2025
2276
2147
39
1829
2464
1433
2886
185
1275
2785
211
1534
1549
2099
1822
2436
2389
2398
1694
1320
2567
2163
1555
2514
2343
1446
1521
809
81
1227
1573
1411
1086
2791
1792
